<?xml version="1.0" encoding="UTF-8"?>
<!-- Generated by org.testng.reporters.JUnitReportReporter -->
<testsuite hostname="DESKTOP-6L476PM" failures="0" tests="1" name="runner.Testrunner" time="28.272" errors="0" timestamp="2022-04-04T17:22:09 EET" skipped="0">
  <testcase classname="runner.Testrunner" name="runScenario" time="28.272"/>
  <system-out/>
</testsuite> <!-- runner.Testrunner -->
